<?xml version="1.0" encoding="UTF-8"?>
<!-- Generated by org.testng.reporters.JUnitXMLReporter -->
<testsuite ignored="0" hostname="DESKTOP-0JP8JMP" failures="0" tests="4" name="Surefire test" time="89.595" errors="0" timestamp="2025-06-12T22:37:10 PST">
  <testcase classname="joshuaacademy.tests.ErrorValidationsTest" name="loginErrorValidation" time="0.757"/>
  <testcase classname="joshuaacademy.tests.ErrorValidationsTest" name="productErrorValidation" time="3.593"/>
  <testcase classname="joshuaacademy.tests.SubmitOrderTest" name="submitOrder" time="4.578"/>
  <testcase classname="joshuaacademy.tests.SubmitOrderTest" name="OrderHistoryTest" time="1.884"/>
</testsuite> <!-- Surefire test -->
