<?xml version="1.0" encoding="UTF-8"?>
<testng-results ignored="0" total="2" passed="2" failed="0" skipped="0">
  <reporter-output>
  </reporter-output>
  <suite started-at="2025-06-21T22:43:21 PST" name="Default suite" finished-at="2025-06-21T22:43:50 PST" duration-ms="28787">
    <groups>
      <group name="Purchase">
        <method signature="SubmitOrderTest.submitOrder(java.util.HashMap)[pri:0, instance:joshuaacademy.tests.SubmitOrderTest@6c40365c]" name="submitOrder" class="joshuaacademy.tests.SubmitOrderTest"/>
        <method signature="SubmitOrderTest.OrderHistoryTest(java.util.HashMap)[pri:0, instance:joshuaacademy.tests.SubmitOrderTest@6c40365c]" name="OrderHistoryTest" class="joshuaacademy.tests.SubmitOrderTest"/>
      </group> <!-- Purchase -->
    </groups>
    <test started-at="2025-06-21T22:43:21 PST" name="Default test" finished-at="2025-06-21T22:43:50 PST" duration-ms="28787">
      <class name="joshuaacademy.tests.SubmitOrderTest">
        <test-method is-config="true" signature="launchApplication()[pri:0, instance:joshuaacademy.tests.SubmitOrderTest@6c40365c]" started-at="2025-06-21T22:43:21 PST" name="launchApplication" finished-at="2025-06-21T22:43:35 PST" duration-ms="14118" status="PASS">
          <reporter-output>
          </reporter-output>
        </test-method> <!-- launchApplication -->
        <test-method signature="submitOrder(java.util.HashMap)[pri:0, instance:joshuaacademy.tests.SubmitOrderTest@6c40365c]" started-at="2025-06-21T22:43:35 PST" name="submitOrder" data-provider="getData" finished-at="2025-06-21T22:43:40 PST" duration-ms="4511" status="PASS">
          <params>
            <param index="0">
              <value>
                <![CDATA[{country=india, password=AutomationTest@24, initialCountry=ind, email=automationtest1@ggmail.com, productName=Zara Coat 3}]]>
              </value>
            </param>
          </params>
          <reporter-output>
          </reporter-output>
        </test-method> <!-- submitOrder -->
        <test-method is-config="true" signature="tearDown()[pri:0, instance:joshuaacademy.tests.SubmitOrderTest@6c40365c]" started-at="2025-06-21T22:43:40 PST" name="tearDown" finished-at="2025-06-21T22:43:40 PST" duration-ms="245" status="PASS">
          <reporter-output>
          </reporter-output>
        </test-method> <!-- tearDown -->
        <test-method is-config="true" signature="launchApplication()[pri:0, instance:joshuaacademy.tests.SubmitOrderTest@6c40365c]" started-at="2025-06-21T22:43:40 PST" name="launchApplication" finished-at="2025-06-21T22:43:48 PST" duration-ms="8227" status="PASS">
          <reporter-output>
          </reporter-output>
        </test-method> <!-- launchApplication -->
        <test-method signature="OrderHistoryTest(java.util.HashMap)[pri:0, instance:joshuaacademy.tests.SubmitOrderTest@6c40365c]" started-at="2025-06-21T22:43:48 PST" name="OrderHistoryTest" data-provider="getData" finished-at="2025-06-21T22:43:49 PST" depends-on-methods="joshuaacademy.tests.SubmitOrderTest.submitOrder" duration-ms="1295" status="PASS">
          <params>
            <param index="0">
              <value>
                <![CDATA[{country=india, password=AutomationTest@24, initialCountry=ind, email=automationtest1@ggmail.com, productName=Zara Coat 3}]]>
              </value>
            </param>
          </params>
          <reporter-output>
          </reporter-output>
        </test-method> <!-- OrderHistoryTest -->
        <test-method is-config="true" signature="tearDown()[pri:0, instance:joshuaacademy.tests.SubmitOrderTest@6c40365c]" started-at="2025-06-21T22:43:49 PST" name="tearDown" finished-at="2025-06-21T22:43:50 PST" duration-ms="210" status="PASS">
          <reporter-output>
          </reporter-output>
        </test-method> <!-- tearDown -->
        <test-method is-config="true" signature="afterSuite()[pri:0, instance:joshuaacademy.tests.SubmitOrderTest@6c40365c]" started-at="2025-06-21T22:43:50 PST" name="afterSuite" finished-at="2025-06-21T22:43:53 PST" duration-ms="3618" status="PASS">
          <reporter-output>
          </reporter-output>
        </test-method> <!-- afterSuite -->
      </class> <!-- joshuaacademy.tests.SubmitOrderTest -->
    </test> <!-- Default test -->
  </suite> <!-- Default suite -->
</testng-results>
